33
 energy: -49.006442220181 gnorm: 0.055613218082 xtb: 6.7.1 (edcfbbe)
C            5.09180000000000        2.90390000000000        0.46290000000000
N            4.63920000000000        1.54490000000000        0.22220000000000
C            3.75620000000000        0.91930000000000        1.19180000000000
C            5.13860000000000        0.89700000000000       -0.91270000000000
O            5.88250000000000        1.49470000000000       -1.69150000000000
C            4.68290000000000       -0.56110000000000       -1.11950000000000
N            5.25370000000000       -1.25810000000000       -2.29920000000000
C            4.82420000000000       -0.64100000000000       -3.55190000000000
C            6.72080000000000       -1.39700000000000       -2.24580000000000
C            7.17490000000000       -2.21540000000000       -1.05960000000000
C            6.80170000000000       -3.56340000000000       -0.93920000000000
C            7.13350000000000       -4.29120000000000        0.20570000000000
C            7.84770000000000       -3.68420000000000        1.23830000000000
C            8.24460000000000       -2.35370000000000        1.11880000000000
C            7.91100000000000       -1.63270000000000       -0.02440000000000
F            8.28220000000000       -0.34730000000000       -0.10110000000000
H            4.63250000000000        3.32600000000000        1.35910000000000
H            4.82890000000000        3.52100000000000       -0.40160000000000
H            6.18030000000000        2.90210000000000        0.57520000000000
H            3.45770000000000        1.62790000000000        1.96770000000000
H            4.26950000000000        0.07200000000000        1.65500000000000
H            2.85940000000000        0.56080000000000        0.67880000000000
H            3.59060000000000       -0.56830000000000       -1.21300000000000
H            4.91540000000000       -1.13270000000000       -0.21500000000000
H            3.73110000000000       -0.57230000000000       -3.59080000000000
H            5.12480000000000       -1.26080000000000       -4.40390000000000
H            5.23510000000000        0.36010000000000       -3.71150000000000
H            7.23370000000000       -0.43000000000000       -2.27110000000000
H            7.06430000000000       -1.93050000000000       -3.14280000000000
H            6.22060000000000       -4.03540000000000       -1.72950000000000
H            6.81870000000000       -5.32840000000000        0.29600000000000
H            8.08980000000000       -4.24630000000000        2.13600000000000
H            8.79970000000000       -1.86640000000000        1.91420000000000
33
 energy: -49.012092598055 gnorm: 0.020008666269 xtb: 6.7.1 (edcfbbe)
C            5.09962825267897        2.88972872137146        0.44375257827598
N            4.64568189709910        1.53055836598268        0.20795487251596
C            3.76757341740415        0.89558897826878        1.16804202939375
C            5.13861697960220        0.90247419840205       -0.90954415656642
O            5.87077975037622        1.50176494147619       -1.67412222142002
C            4.69737937309924       -0.54964751171543       -1.12090891301296
N            5.25577580500716       -1.23964937873864       -2.28694765906255
C            4.82884240611489       -0.63955422151521       -3.54093297142714
C            6.71418532287666       -1.38754508657310       -2.23940803632131
C            7.14033826919621       -2.20054132827799       -1.04238533091088
C            6.78070376526549       -3.54062945160487       -0.92217373662095
C            7.12756401491576       -4.27460702946736        0.20243212526036
C            7.84619050779330       -3.68063861860575        1.22867878258632
C            8.23808094420249       -2.35788509764717        1.11813537489262
C            7.88436120338925       -1.63568246491417       -0.01061539095957
F            8.27489661679757       -0.35167869680934       -0.09043723626436
H            4.63341260271288        3.29456469779293        1.33934292806628
H            4.84268847936856        3.52029609649195       -0.41035958771971
H            6.18545881024545        2.90718741338387        0.56274984800245
H            3.48230820213341        1.61655800779156        1.93174475290753
H            4.26227753149233        0.05229232993221        1.65769611019713
H            2.85714393189539        0.53715845303413        0.68126715627806
H            3.60726274236932       -0.56744950921160       -1.22807361956668
H            4.94797304331633       -1.13351380276278       -0.22943434614449
H            3.73833196620756       -0.57905799025161       -3.55877714093269
H            5.14061474950383       -1.27935524928394       -4.37074261842828
H            5.24024565214580        0.36232344034524       -3.70067031788346
H            7.22309456169938       -0.41508570925702       -2.24495208213255
H            7.01854943220471       -1.92590013260108       -3.14743886166094
H            6.21816237800143       -4.00729089396905       -1.71867816850912
H            6.82805996865874       -5.31114344770346        0.28298814199588
H            8.09803043610468       -4.24460296189856        2.11605544967036
H            8.80338698612154       -1.87553706146494        1.90336224550142
33
 energy: -49.012978951990 gnorm: 0.007217616299 xtb: 6.7.1 (edcfbbe)
C            5.10372482609098        2.87619607934606        0.43187567071534
N            4.65391223670784        1.51710969745369        0.19661869771937
C            3.78087475045198        0.87969874294961        1.15238022515585
C            5.14228826612895        0.90426072108126       -0.91360004394784
O            5.86860432207524        1.50361475944879       -1.68096658488070
C            4.70255802067556       -0.54533037694070       -1.11958234752787
N            5.25595090884935       -1.22580769953949       -2.27752309573631
C            4.82756768231690       -0.63893125028519       -3.53376967770651
C            6.71041447306975       -1.37371403371570       -2.22940244163113
C            7.12699270396795       -2.18653864984465       -1.03353030347372
C            6.76717303856364       -3.52291934306482       -0.91484996694105
C            7.11736199915735       -4.26354223609568        0.19989136695962
C            7.84310857403751       -3.67989121796487        1.22452487256884
C            8.23069936246682       -2.35727165164078        1.12402997902875
C            7.87017838449475       -1.63298302483752        0.00194543885143
F            8.26338602809004       -0.34494201990657       -0.07040745312068
H            4.63348594293105        3.27358302517493        1.32710432681118
H            4.84880869993420        3.50671681947898       -0.42188702562360
H            6.18897859445368        2.89906615786739        0.55038691630519
H            3.49742452636426        1.60360545023741        1.91307505321148
H            4.26992432981056        0.03715366351690        1.64952671947631
H            2.86790463100231        0.51681792297423        0.67406684970461
H            3.61272974977168       -0.56889883386221       -1.22461816784184
H            4.96869263314240       -1.13055743879784       -0.23338218736783
H            3.73895605554626       -0.58434397661481       -3.54263576909084
H            5.14665253363583       -1.28939300007568       -4.34937107827408
H            5.23690714191389        0.36333503022804       -3.69923290050509
H            7.21955398379731       -0.40067019135336       -2.22519059435803
H            6.99896553978571       -1.91240755687074       -3.13928067464612
H            6.19767852244393       -3.97726861402512       -1.70995191587732
H            6.82644978567190       -5.30079397036395        0.27093262096678
H            8.11251333572767       -4.25222677259839        2.09935204926299
H            8.80717841692279       -1.87922621135926        1.90107144181292
33
 energy: -49.013142076135 gnorm: 0.002690602179 xtb: 6.7.1 (edcfbbe)
C            5.10608657556191        2.87196354434208        0.42840788595032
N            4.65835000452799        1.51235397949316        0.19342542354907
C            3.78996067239724        0.87148144491154        1.14849402673882
C            5.14082007665757        0.90570017005471       -0.91916722068203
O            5.86428886586636        1.50482534785152       -1.69180038326528
C            4.70407222982155       -0.54565733102628       -1.12117922269892
N            5.25706867697258       -1.22317256310438       -2.27687042238762
C            4.82502252179945       -0.64249516077155       -3.53427850451844
C            6.71127866654976       -1.36467248158935       -2.22455073832092
C            7.12205358214030       -2.17627940475531       -1.02751596020629
C            6.75706760220220       -3.51191501237830       -0.91108978981369
C            7.11202433279144       -4.25938847293909        0.19740419256237
C            7.84604179545982       -3.68296005368048        1.22090582019507
C            8.22966633236272       -2.35783666395891        1.12871510931493
C            7.86356620865738       -1.62834191160556        0.01190679204535
F            8.25225373538939       -0.33627227334911       -0.05102447072312
H            4.63623741903261        3.26968752236152        1.32312691816763
H            4.85082184344739        3.49923231353055       -0.42760021123938
H            6.19164212888830        2.89445169790853        0.54425598489211
H            3.50439574230718        1.59277279339255        1.91074542943234
H            4.28193735479646        0.02906483507567        1.64324650108225
H            2.87813757155513        0.50452960961558        0.67070745203242
H            3.61370667389074       -0.57221029492305       -1.21878991302046
H            4.97757602879911       -1.12618511172007       -0.23403054137718
H            3.73668716643708       -0.59104949821734       -3.53992409343117
H            5.14563339087091       -1.29553150989955       -4.34583062456560
H            5.23072991554781        0.36065205067338       -3.70427507650349
H            7.21809946241742       -0.39054999217151       -2.21655074433805
H            7.00312411148867       -1.90163594295745       -3.13241769509317
H            6.18162275412029       -3.95864904344579       -1.70673219705788
H            6.81916173210576       -5.29601559971160        0.26443161655111
H            8.12116547605125       -4.26083609266480        2.09010390502742
H            8.80729934908623       -1.88156089434137        1.90535075170157
33
 energy: -49.013257187405 gnorm: 0.003252032760 xtb: 6.7.1 (edcfbbe)
C            5.10934087252203        2.86950384858593        0.42540232199469
N            4.66346438571599        1.50892483215663        0.19130844146790
C            3.80336699344181        0.86173164688342        1.14803234229865
C            5.13590673891156        0.90795490936014       -0.92731097033541
O            5.85139617812086        1.50837451070357       -1.70857333993410
C            4.70360200163578       -0.54660268758563       -1.12545236474720
N            5.25889514708975       -1.22265250862230       -2.27866814258500
C            4.82153699063143       -0.65078771360239       -3.53840242386266
C            6.71395749231191       -1.35203798365200       -2.21808359093779
C            7.11956492861295       -2.16335598579159       -1.02003462674911
C            6.74683904710237       -3.49832826893370       -0.90791297220829
C            7.10408521246825       -4.25410602850975        0.19408988842920
C            7.84755301945229       -3.68719226102784        1.21687975728143
C            8.22843226029102       -2.35983153583848        1.13536351915120
C            7.85785162450934       -1.62235033571597        0.02503726053697
F            8.23766486900256       -0.32481394969135       -0.02318997001414
H            4.64043400615320        3.26887833476256        1.31945319113095
H            4.85325406801790        3.49277840734415       -0.43345842584928
H            6.19535607141609        2.89102923199324        0.53864899220689
H            3.51466138942396        1.57852075365101        1.91329432163161
H            4.30322847604516        0.02053599989951        1.63775862549631
H            2.89315474577173        0.48822778606231        0.67133316899977
H            3.61250147972669       -0.57884868828832       -1.21399809340843
H            4.98506542279074       -1.12012622163623       -0.23605301285210
H            3.73298281751848       -0.60460876405771       -3.54142219950638
H            5.14364940978146       -1.30631861023416       -4.34659687134864
H            5.22084676084695        0.35390868850815       -3.71499557575386
H            7.21421489410878       -0.37469097620896       -2.20472783708530
H            7.01780058797676       -1.88483100962740       -3.12331932007262
H            6.16189984666883       -3.93441524777668       -1.70349898700172
H            6.80671358522135       -5.28989500919152        0.25583721833803
H            8.13177307634782       -4.27413402621748        2.07733930106142
H            8.80660560036421       -1.88694113770128        1.91352037422718
33
 energy: -49.013318896710 gnorm: 0.003665327439 xtb: 6.7.1 (edcfbbe)
C            5.11174144959698        2.86895172323964        0.42385838713821
N            4.66568384906659        1.50818237957694        0.19007763733606
C            3.81465600278091        0.85572579449499        1.15141859542183
C            5.12809775220783        0.91052313170338       -0.93492577091773
O            5.83526597994137        1.51318689049224       -1.72240053709610
C            4.70052353366122       -0.54677623318065       -1.12978723895429
N            5.26034272772618       -1.22339313319463       -2.28056397251507
C            4.82014450746998       -0.65965500671698       -3.54318143453253
C            6.71630401780952       -1.34167095098635       -2.21276565252970
C            7.11887175832923       -2.15447886199361       -1.01452814503582
C            6.74120182851557       -3.48899986431237       -0.90668422002707
C            7.09878424647799       -4.25060189928082        0.19101811076632
C            7.84774686841101       -3.69052220605716        1.21376984071393
C            8.22795283841755       -2.36252527525236        1.13966110266442
C            7.85526583464589       -1.61853885588508        0.03408875376383
F            8.23043602426202       -0.31854109469566       -0.00435733416259
H            4.64308376737512        3.26918364585430        1.31763908769487
H            4.85539223089890        3.49087168867440       -0.43597668538936
H            6.19790992723449        2.88999199163129        0.53681736983021
H            3.52508405710349        1.56978598641180        1.91891589803798
H            4.32283309591367        0.01690403649548        1.63731836606499
H            2.90469387816711        0.47661285268387        0.67821316253349
H            3.60943436909792       -0.58432742625871       -1.21606187217540
H            4.98524845735000       -1.11585139326078       -0.23853311521939
H            3.73119943191718       -0.61896980645303       -3.54600604446636
H            5.14452612185939       -1.31740220444475       -4.34894445499884
H            5.21372072350777        0.34630567292065       -3.72515689760822
H            7.20931973269825       -0.36070223755283       -2.19395493173300
H            7.03233097584541       -1.86967346800063       -3.11706155945979
H            6.15212955856431       -3.91832806112498       -1.70307323182775
H            6.79662246237562       -5.28537834141136        0.24949294986170
H            8.13502907374942       -4.28323227017995        2.06906594549941
H            8.80602291702214       -1.89315720393645        1.92020789132197
33
 energy: -49.013402082422 gnorm: 0.002844973736 xtb: 6.7.1 (edcfbbe)
C            5.11424269346164        2.86871827635043        0.42198393270008
N            4.66679208654682        1.50823934191951        0.18849372515784
C            3.83042068765402        0.84936648810636        1.15931075669622
C            5.11556961268293        0.91373907164484       -0.94487778327660
O            5.80890825458322        1.52097088888737       -1.74081740035497
C            4.69316263462207       -0.54605183196484       -1.13635953328773
N            5.26155663609096       -1.22471146288226       -2.28305251600209
C            4.82015063082433       -0.67211213290508       -3.55027947321219
C            6.71840988993601       -1.32822197092928       -2.20521433557946
C            7.11847364534789       -2.14480207685171       -1.00798146709704
C            6.73651247245212       -3.47893836027965       -0.90636960189352
C            7.09291865288931       -4.24681585635944        0.18699651430450
C            7.84580991044376       -3.69408840114123        1.21076924026949
C            8.22698237230416       -2.36636606345511        1.14441302802763
C            7.85368534976821       -1.61480647595510        0.04389025848020
F            8.22585218927965       -0.31367961582961        0.01519308986570
H            4.64414937244378        3.27020954666214        1.31464910909664
H            4.85948462838854        3.48993768351627       -0.43876280925538
H            6.20023882674084        2.88937518622628        0.53764987114248
H            3.54084971509192        1.56176193486243        1.92837313334724
H            4.35153729757775        0.01611160421674        1.64187619955523
H            2.92020019867246        0.46117153462890        0.69388278447783
H            3.60269330537803       -0.58951128582095       -1.22544783437784
H            4.97816735464458       -1.11101422961536       -0.24279819327189
H            3.73071213349012       -0.63919807176426       -3.55539383002630
H            5.14952900481383       -1.33294897389483       -4.35223890429527
H            5.20654648153798        0.33525541168904       -3.73866708044371
H            7.20094775580830       -0.34217164681877       -2.17766323289412
H            7.05084628349216       -1.84813831948799       -3.10956169748962
H            6.14534861705064       -3.90153907012143       -1.70448442758157
H            6.78635957713631       -5.28078125355731        0.24122169436067
H            8.13511092520488       -4.29318970917791        2.06066948356491
H            8.80543080364083       -1.90227015989839        1.92819729929296
33
 energy: -49.013528074873 gnorm: 0.003408141432 xtb: 6.7.1 (edcfbbe)
C            5.11749689179879        2.86775334944124        0.41878069514814
N            4.66628712078326        1.50865947621645        0.18503115048155
C            3.85884748805916        0.83925566214228        1.17520756163639
C            5.09103191682493        0.92005778789650       -0.96222366491823
O            5.75950434768337        1.53604280233303       -1.77234822782628
C            4.67794522441559       -0.54321196613557       -1.14795298533241
N            5.26325834802395       -1.22584381975783       -2.28605818847239
C            4.82221773535794       -0.69409973391748       -3.56246487583826
C            6.72080499467294       -1.30491967048058       -2.19141839210605
C            7.11748192742989       -2.12960965001068       -0.99752612650672
C            6.73045005789812       -3.46323688741294       -0.90718576440335
C            7.08411080715855       -4.24109777428080        0.17957182298752
C            7.84074117502747       -3.69965716671815        1.20651907855856
C            8.22510462775124       -2.37293895105134        1.15180527306661
C            7.85266837440322       -1.60965588736492        0.05868277686367
F            8.22432054421300       -0.30865997021727        0.04295595730561
H            4.64252193566438        3.27203317244627        1.30799839400726
H            4.86877635675325        3.48805479324043       -0.44413521328029
H            6.20279791885471        2.88728762388637        0.54247051765061
H            3.56996515072568        1.55097777600413        1.94515980027284
H            4.40401176047312        0.01844266254182        1.65407829209322
H            2.94800430871462        0.43273972689468        0.72674037695107
H            3.58898492635945       -0.59466117882683       -1.24762315269820
H            4.95919900502411       -1.10261828875952       -0.25010900705073
H            3.73215042130874       -0.67560620267261       -3.57411150965707
H            5.16333934504322       -1.36107426900651       -4.35563860337268
H            5.19636681082421        0.31560024283719       -3.76169343562269
H            7.18599868584878       -0.31084217849322       -2.14748042954086
H            7.07809783876078       -1.80948363906022       -3.09689556432314
H            6.13790048878690       -3.87598122566122       -1.70884740092118
H            6.77217617031248       -5.27402237420454        0.22630814107185
H            8.13003725785154       -4.30791699869943        2.04951902810902
H            8.80500003719269       -1.91826724314903        1.94048367566704
33
 energy: -49.013659436631 gnorm: 0.005410413359 xtb: 6.7.1 (edcfbbe)
C            5.11982746642968        2.86594215360130        0.41479300184318
N            4.66374296663796        1.50891258276165        0.18032461634368
C            3.89592647961316        0.82688432289410        1.19588059829678
C            5.05954334269575        0.92820511752597       -0.98218495656305
O            5.69577809298249        1.55551025817844       -1.80993550308466
C            4.65763259934979       -0.53832743500361       -1.16226689783205
N            5.26526215499010       -1.22523384116056       -2.28813810365200
C            4.82658194700304       -0.72115098374070       -3.57680435747372
C            6.72252304806614       -1.27630806972369       -2.17405229428314
C            7.11594935856944       -2.11181242155018       -0.98575778111954
C            6.72405052487578       -3.44473444658184       -0.90923144243098
C            7.07374544060860       -4.23432004126599        0.16999471651989
C            7.83235403521682       -3.70572825535475        1.20216298122375
C            8.22225785618767       -2.38054931915240        1.16031168281173
C            7.85301030575667       -1.60442419852109        0.07490565309010
F            8.22831603237611       -0.30496314675974        0.07192909711941
H            4.63535616633987        3.27550909796154        1.29693567122891
H            4.88305858042124        3.48372013412535       -0.45300831801357
H            6.20379009550356        2.88331218615862        0.55263905718288
H            3.60670932971974        1.53939256998374        1.96497750144063
H            4.47282031317353        0.02484236842779        1.67183357403915
H            2.98574341982965        0.39385237923675        0.77078352364538
H            3.57068578547779       -0.59731076909775       -1.27852759187231
H            4.93086997246134       -1.09200479902496       -0.25879345820928
H            3.73615281695915       -0.72179983235273       -3.59839145340903
H            5.18531058651381       -1.39608940024144       -4.35652577841391
H            5.18522262570507        0.29138763174571       -3.78949709448393
H            7.16807033129140       -0.27399260135911       -2.10976879516927
H            7.10525906090967       -1.76120696483368       -3.08111600298476
H            6.13098819276890       -3.84655196013261       -1.71562482831911
H            6.75760769516874       -5.26639207076930        0.20692046582018
H            8.11904967198830       -4.32375120537328        2.03875584890127
H            8.80440370440916       -1.93731904060194        1.95407666780800
33
 energy: -49.013798311563 gnorm: 0.005911867149 xtb: 6.7.1 (edcfbbe)
C            5.11990896930454        2.86382221697274        0.41110727426229
N            4.65960651099732        1.50874670674048        0.17594301718136
C            3.93347639413953        0.81555399135964        1.21582777062668
C            5.02843736170805        0.93577919506427       -0.99879534824117
O            5.63441019493986        1.57283928163453       -1.84151998793545
C            4.63727914007635       -0.53318388671243       -1.17536454200241
N            5.26687383699832       -1.22253642582780       -2.28842279990999
C            4.83278427893175       -0.74528649641990       -3.58873433683395
C            6.72242523676680       -1.25063919796927       -2.15817295923704
C            7.11425099618406       -2.09660263898108       -0.97648759276108
C            6.71949557494716       -3.42881025344869       -0.91227137928424
C            7.06492211650971       -4.22826216716258        0.16083766500337
C            7.82224503474791       -3.71005257923580        1.19907125240674
C            8.21864594413919       -2.38659510947305        1.16727606387008
C            7.85463163894524       -1.60067831377534        0.08732339921602
F            8.23772920144794       -0.30397380058320        0.09242395964854
H            4.62104712721715        3.28145162417791        1.28201088700028
H            4.90048642950876        3.47642442049724       -0.46482490364082
H            6.20172446527745        2.87864519785825        0.56883462337322
H            3.64156606604745        1.52992365767954        1.98219010747170
H            4.54222989523398        0.03532682816652        1.69003359099150
H            3.02683721608273        0.35347079990852        0.81450273986438
H            3.55258751424496       -0.59669760748644       -1.31081785994305
H            4.89890860876471       -1.08312066875930       -0.26641403659086
H            3.74272473555840       -0.76510283125556       -3.62123152569553
H            5.21082646382106       -1.42680530357034       -4.35375835325563
H            5.17653341012701        0.26967675468198       -3.81348105409091
H            7.15176138395162       -0.24285930873370       -2.07553179139669
H            7.12303746358164       -1.71679263152149       -3.06654328842356
H            6.12725406814285       -3.82213042802309       -1.72317317159392
H            6.74698261798661       -5.25983766198244        0.18850168753803
H            8.10327730763301       -4.33496869678371        2.03237712976699
H            8.80269279603703       -1.95322466703687        1.96488376261592
33
 energy: -49.013960739194 gnorm: 0.004606919000 xtb: 6.7.1 (edcfbbe)
C            5.11767700438545        2.86115055723812        0.40753577169579
N            4.65527612282720        1.50723612403123        0.17249450653044
C            3.97249815334524        0.80477990439815        1.23380448985527
C            4.99959278284473        0.94172580457772       -1.01124449007707
O            5.57573126714608        1.58694251595285       -1.86814181151957
C            4.61752271594682       -0.52901395855923       -1.18683147841056
N            5.26749115567906       -1.21760673873042       -2.28717808765497
C            4.84028273007234       -0.76445176973762       -3.59730500102742
C            6.72008763619026       -1.22877271585850       -2.14456044128955
C            7.11181322609965       -2.08424171107163       -0.97007599372860
C            6.71611489131238       -3.41580596066521       -0.91586225410795
C            7.05738695588843       -4.22285787480469        0.15287636262424
C            7.81047131724261       -3.71210746960723        1.19767954582717
C            8.21366488381261       -2.39022042201907        1.17272106095204
C            7.85632421998213       -1.59808759551580        0.09568950946873
F            8.25090998195786       -0.30487075676780        0.10377260248919
H            4.59588922596035        3.29139552776334        1.25973816258028
H            4.92474058973329        3.46365786067175       -0.48197194017723
H            6.19557999461683        2.87334067078508        0.59541622546609
H            3.67343115449233        1.52120624895557        1.99564082619062
H            4.61286018930235        0.05025360577972        1.70712348577394
H            3.07388430932896        0.31086232949209        0.85576419331657
H            3.53532236472490       -0.59406278988246       -1.34205939625697
H            4.86517679922835       -1.07763181015884       -0.27323231314419
H            3.75159734471596       -0.80323532209550       -3.64125104215166
H            5.23908782418697       -1.44973382733285       -4.34703462922709
H            5.16995521435438        0.25261445317302       -3.83165060973196
H            7.13731654528050       -0.21836421344743       -2.04525951969161
H            7.13119626377284       -1.67758295428790       -3.05388687939821
H            6.12573039326881       -3.80350105240361       -1.73079190071798
H            6.74024566212429       -5.25441641962549        0.17205761464186
H            8.08367675976955       -4.34080626044996        2.03096829678088
H            8.79906432040661       -1.96429397979793        1.97265513412044
33
 energy: -49.014104791730 gnorm: 0.006012729734 xtb: 6.7.1 (edcfbbe)
C            5.11576169591573        2.85776083579944        0.40272949198194
N            4.65244978128280        1.50446829247162        0.16816858831360
C            4.02305805085461        0.78924244436571        1.25415147637613
C            4.96460997673427        0.94899941361208       -1.02908350606092
O            5.50469459664629        1.60276883213360       -1.90514010555900
C            4.59514402869630       -0.52620095894108       -1.20134318654587
N            5.26761045362501       -1.21241545627220       -2.28773462341177
C            4.84709662281450       -0.78541450045876       -3.60822208837773
C            6.71786070588619       -1.20229921592845       -2.12867082467536
C            7.10774550836695       -2.06829429651616       -0.96152855323322
C            6.70925374936475       -3.39927926945878       -0.91841166860078
C            7.04677719836468       -4.21586313483789        0.14475656993670
C            7.79740520882687       -3.71464145709196        1.19622286931497
C            8.20648252265709       -2.39361012533719        1.18069526311683
C            7.85484718603758       -1.59349485806474        0.10788903008609
F            8.25897933983814       -0.30220567893531        0.12202096680024
H            4.56160044800937        3.30551768744016        1.22718133853012
H            4.96064949935530        3.44468198375490       -0.50575123158856
H            6.18698421158253        2.86690667691993        0.63362457291452
H            3.71207537479928        1.50541379607868        2.01198768443216
H            4.70378688026771        0.06717669541478        1.72492736716546
H            3.13552811084567        0.25493486307438        0.90386975360612
H            3.51569053798228       -0.59528472747857       -1.37450020062061
H            4.83072780694594       -1.07155126288734       -0.28246642789971
H            3.76010018750607       -0.84711463072820       -3.66481582788761
H            5.27015216606481       -1.47299419890321       -4.34146200305861
H            5.15883378764336        0.23521777171610       -3.85266754130819
H            7.12006772491645       -0.18742814011306       -2.00812837408341
H            7.14631943810390       -1.63057414158591       -3.03892431788926
H            6.11888626979351       -3.77933014884844       -1.73750712215064
H            6.72908332397294       -5.24724916250116        0.15408006367994
H            8.06448642191518       -4.34886641369169        2.02799458762482
H            8.79285118438409       -1.97547751420192        1.98365797907280
33
 energy: -49.014249890295 gnorm: 0.009297020868 xtb: 6.7.1 (edcfbbe)
C            5.11085885831769        2.85376870412852        0.40014399537360
N            4.65100586408814        1.49973562316573        0.16579165503201
C            4.06950499345452        0.77709123384316        1.26601182114229
C            4.93834551015991        0.95151415934477       -1.03809055435379
O            5.45578974912389        1.60572544711394       -1.92321604387018
C            4.57840845410631       -0.52773969386351       -1.21160410152651
N            5.26501530639384       -1.20599999956626       -2.28860403297408
C            4.85295395608533       -0.79191071906716       -3.61331007306760
C            6.71211165603920       -1.18889309045764       -2.12084326291142
C            7.10260178218221       -2.06115194602720       -0.95971916057710
C            6.70490422455185       -3.39205418469218       -0.91990017495310
C            7.03997594455971       -4.21084291172111        0.14274897337566
C            7.78463347515333       -3.71111879996525        1.19892862287877
C            8.19702453028252       -2.39026418513200        1.18492707571670
C            7.85110503837773       -1.59083760673703        0.11080512378649
F            8.26408344923311       -0.30066541819217        0.12218456444923
H            4.51104093886954        3.32531000992881        1.18220685735895
H            5.01009362299669        3.41722697710259       -0.53303984288105
H            6.16955219928062        2.86103344067286        0.69260859441296
H            3.74082244466644        1.49057137838335        2.01997794193756
H            4.78288076794871        0.08937820782943        1.73301264530296
H            3.20032077000346        0.20650023556756        0.93750788332278
H            3.50160962721832       -0.59754863710330       -1.39668314279365
H            4.80420321140568       -1.07321468121119       -0.29052371262733
H            3.76918217719147       -0.87196772460488       -3.68024231551491
H            5.29701115618572       -1.47342303132828       -4.33539835015175
H            5.15043322140067        0.23206856083680       -3.85915410306587
H            7.10841515931594       -0.17451623449825       -1.98739481748518
H            7.14614248145743       -1.60338389487943       -3.03100945457264
H            6.11581817771653       -3.77180722037458       -1.74054710728366
H            6.72465050622588       -5.24254252845270        0.14735754612312
H            8.04512006205053       -4.34394543847442        2.03443845102004
H            8.78198068395711       -1.97259603156959        1.98822849937811
33
 energy: -49.014422463705 gnorm: 0.009738861791 xtb: 6.7.1 (edcfbbe)
C            5.10898792275368        2.85073196075707        0.39652027805863
N            4.65056817529987        1.49683496328127        0.16091300745388
C            4.11578976657501        0.76203362936097        1.28102631759563
C            4.91180778360043        0.95559604331791       -1.05365500865539
O            5.39684886311836        1.61748511520657       -1.95658893684418
C            4.56256369519573       -0.52862486230074       -1.22418495900932
N            5.26440100059355       -1.20328756539670       -2.29364403256531
C            4.85658528960236       -0.80443370344680       -3.62513895346078
C            6.71048643147580       -1.17018664565417       -2.11018347385506
C            7.09715325455378       -2.04881932030526       -0.95221523522223
C            6.69633766580647       -3.37950226471437       -0.91878365027534
C            7.02962156019452       -4.20417955213892        0.14022276509110
C            7.77497094048322       -3.71107722775909        1.19921630761514
C            8.18867422998308       -2.39028150826068        1.19268224072834
C            7.84437702169160       -1.58524269001507        0.12204341434031
F            8.25686625822221       -0.29388171880504        0.14097096069198
H            4.48186102690144        3.33593328551598        1.14909299636631
H            5.04547338223870        3.40013418244356       -0.54802255008883
H            6.15620919024420        2.85746431512870        0.73052667726986
H            3.77552340195927        1.47193479039671        2.03394272101348
H            4.86503947807065        0.10425700556903        1.74274301848542
H            3.25838482675357        0.15687988493892        0.97553482426907
H            3.48735569020745       -0.60663184259131       -1.41577165102649
H            4.78748130197897       -1.06990561718000       -0.30073786687226
H            3.77418465274666       -0.90312375481117       -3.70126023968045
H            5.31888418913823       -1.48365343846819       -4.33883457585147
H            5.13831818147653        0.22374574700680       -3.87515001131641
H            7.09442082013400       -0.15174280135915       -1.96263722459299
H            7.16311866185800       -1.57062416944124       -3.01971475687850
H            6.10644066823256       -3.75397139415387       -1.74157315937780
H            6.71163387718460       -5.23532297329048        0.13942762086730
H            8.03462131273836       -4.34846285719281        2.03168569509797
H            8.77260947898710       -1.97657501563907        1.99914744063006
33
 energy: -49.014596038404 gnorm: 0.011877707772 xtb: 6.7.1 (edcfbbe)
C            5.10764780151064        2.84787689740218        0.39652138205044
N            4.65385513885946        1.49361656747737        0.15624144990111
C            4.14387677725004        0.75175548396092        1.28246692231168
C            4.90482051588536        0.95353762782903       -1.06243334352156
O            5.37420784331999        1.61916220823733       -1.97388317341208
C            4.56268607309454       -0.53591607214496       -1.23002920528675
N            5.26298934535531       -1.20574634795414       -2.30510333322272
C            4.85388933714326       -0.79890357019175       -3.63538151765592
C            6.71041534816997       -1.17021240345825       -2.11242325194550
C            7.09024016003193       -2.04541134170563       -0.94881347028548
C            6.68684715796978       -3.37664343407666       -0.91180184443034
C            7.02163855271489       -4.19908208107665        0.14855053492151
C            7.77253444030425       -3.70544085723030        1.20345304220944
C            8.17971185044660       -2.38311186205840        1.19845148659718
C            7.82962787144315       -1.57826219668893        0.12863541846544
F            8.22606651336215       -0.28109580913438        0.15456840355542
H            4.47070567183682        3.33526916235693        1.12322030937565
H            5.07131614861536        3.39005289917616       -0.54073042502391
H            6.13586194097003        2.85787363044216        0.75732444113922
H            3.79723304131944        1.45245575412558        2.04076307168485
H            4.91009210099230        0.11201129775206        1.73322173090919
H            3.29713402496791        0.13307198737663        0.98663607291437
H            3.48655294035246       -0.62734433846274       -1.40709232449107
H            4.80660314851946       -1.07269743285353       -0.30966475753928
H            3.77220909896354       -0.90542264096348       -3.71296708419926
H            5.32058808655355       -1.46828151022334       -4.35651404972676
H            5.12682391585053        0.23386858769961       -3.87795168906301
H            7.09037540404860       -0.14926875076550       -1.96663813822994
H            7.17694120006735       -1.57301884459056       -3.01822284191213
H            6.09504068645330       -3.75168673192700       -1.73293075562988
H            6.69858090031738       -5.22938946932022        0.15154527861449
H            8.04026309873857       -4.34442935448468        2.03163929388062
H            8.76022386457195       -1.96568705452545        2.00694236704690
33
 energy: -49.014901018588 gnorm: 0.008424904589 xtb: 6.7.1 (edcfbbe)
C            5.10208076950521        2.84458559344763        0.39447915465350
N            4.65130945255992        1.49040438195699        0.14952540611626
C            4.19325599348629        0.73710028029194        1.29465033143790
C            4.88358209363932        0.95329282023772       -1.07335041041083
O            5.33248180130016        1.62189569279176       -1.98906864347792
C            4.55205102814920       -0.54002807583809       -1.24053771657067
N            5.26114004136504       -1.20511532301937       -2.31411516008804
C            4.85609376399907       -0.80195645801717       -3.64742740451467
C            6.70663838988430       -1.16154874155660       -2.11012835309213
C            7.08226419469384       -2.03786090681633       -0.94549967004099
C            6.67853988826106       -3.36923199770012       -0.90944680206309
C            7.01118292819246       -4.19121160664252        0.15185196320276
C            7.76106072043626       -3.69815334818592        1.20751928022216
C            8.16713672545398       -2.37586228603509        1.20424274366135
C            7.81779934979650       -1.57067197656902        0.13437009679399
F            8.20981771780671       -0.27212839684961        0.16337777582419
H            4.40955231524681        3.35395018303722        1.06752551290389
H            5.13797666198244        3.36558374440668       -0.56356624573428
H            6.10881653312846        2.85001030110663        0.83526140074070
H            3.83383644550707        1.43353708224035        2.05175546525995
H            4.99974156830580        0.13651039630396        1.73876950792752
H            3.36447083443402        0.07820336213993        1.02441026980304
H            3.47700467523500       -0.64012378570846       -1.42107043712220
H            4.79923630616785       -1.07488279715567       -0.32029174423652
H            3.77634111512155       -0.92641741484638       -3.73324638893744
H            5.33885911403726       -1.46253579337356       -4.36744149766155
H            5.11361606133737        0.23570585210006       -3.88618568839502
H            7.07842562970386       -0.13860241828421       -1.95939583559655
H            7.18471132261689       -1.55900862338813       -3.01258675454531
H            6.08837251129883       -3.74467012090853       -1.73122580334400
H            6.68622306923718       -5.22112277000052        0.15485539393984
H            8.02868263996344       -4.33796422945692        2.03478864958691
H            8.74529833814662       -1.95818261970924        2.01480160375947
33
 energy: -49.015026410936 gnorm: 0.009374460470 xtb: 6.7.1 (edcfbbe)
C            5.09807375597938        2.84225027212560        0.39701791467650
N            4.65381487038173        1.48610631504838        0.15076993666847
C            4.19697556591726        0.73529800443844        1.29169158483856
C            4.89481871958673        0.94683780118194       -1.06802738800822
O            5.34376216732702        1.61738778676427       -1.97971135834632
C            4.56253163085958       -0.54436679207378       -1.23646378504098
N            5.26024659333781       -1.20821791988005       -2.31907510863557
C            4.85456461127992       -0.78762838030028       -3.64611715612344
C            6.70466738144998       -1.17628963645233       -2.12261073886362
C            7.07883634076607       -2.04363141697027       -0.95067011763216
C            6.67876666307287       -3.37525753841469       -0.90727862412156
C            7.01049461872603       -4.18908537970497        0.15998371276413
C            7.75732074825890       -3.68785521510401        1.21355379783802
C            8.15972682623946       -2.36518831034550        1.20290101813583
C            7.81009253388202       -1.56712622777307        0.12806969146576
F            8.19773436453988       -0.26861624792266        0.15119963763153
H            4.37900293859933        3.36080540499708        1.04258036440540
H            5.16853530405500        3.35430185583782       -0.56790064712398
H            6.09071767760776        2.84685641470081        0.87357658891226
H            3.83618440286283        1.43212981543054        2.04757525327033
H            5.00149652681072        0.14112740293312        1.73411106278472
H            3.37558444465274        0.07551193919373        1.01972571131826
H            3.48637007506363       -0.64435916832222       -1.40878627814458
H            4.81799171196300       -1.08267863396135       -0.32046005226305
H            3.77545441624991       -0.90746240138509       -3.72944967610628
H            5.33170442286513       -1.44068771039406       -4.37619417420460
H            5.11597508474714        0.24969357196368       -3.87376315518135
H            7.08412141091232       -0.15634580788123       -1.98489694221205
H            7.17062529500577       -1.58798752113687       -3.02117783173667
H            6.09214271873871       -3.75773320501773       -1.72771174907763
H            6.68783572141621       -5.21949917274153        0.16972608462440
H            8.02547292370879       -4.32279499382602        2.04382358900318
H            8.73595753313603       -1.94199490500815        2.01158883448703
33
 energy: -49.015167098251 gnorm: 0.007073856701 xtb: 6.7.1 (edcfbbe)
C            5.09434871030486        2.83943767663798        0.39734737013308
N            4.65356779967061        1.48287072077484        0.14848231457714
C            4.20849021070761        0.72935715551564        1.29448726483469
C            4.89440320024434        0.94509056733484       -1.07256003205863
O            5.34258833916236        1.61717040980449       -1.98016385873181
C            4.56764747177018       -0.54569336045242       -1.23745500035246
N            5.26030438985443       -1.21171512155820       -2.32404193462550
C            4.85474775882091       -0.78015154435727       -3.64755787590553
C            6.70419051540614       -1.18457559441620       -2.13073831903841
C            7.07609565749078       -2.04479567952471       -0.95242915749251
C            6.67833879349692       -3.37652827307263       -0.90559120373792
C            7.00748134825546       -4.18574004062867        0.16559365975496
C            7.75092234355995       -3.67955510170938        1.21921934787165
C            8.15083942060915       -2.35644184255894        1.20492558853028
C            7.80275768594548       -1.56210393118743        0.12688504873892
F            8.18742588230498       -0.26396868486010        0.14770534307890
H            4.36956596180349        3.35926687977020        1.02832039870752
H            5.17916256585560        3.34867523436997       -0.56284841389041
H            6.07453970362831        2.84551538027704        0.88649040711474
H            3.84568071659048        1.42771255943567        2.04802312892315
H            5.02293451765284        0.14533547049022        1.73576975696540
H            3.39170566744792        0.05902369804986        1.02832702398292
H            3.49082618657722       -0.64683576299071       -1.40611201097421
H            4.82802721545537       -1.08449403831355       -0.32284703360195
H            3.77562209910045       -0.89699266435107       -3.73040231246577
H            5.32887515488787       -1.42943541581030       -4.38370398999109
H            5.11896634318590        0.25701289468187       -3.86740398831564
H            7.08800649566982       -0.16539175698580       -2.00082667352549
H            7.16431790315035       -1.60670379915627       -3.02611683183432
H            6.09490250243357       -3.76245751893525       -1.72644130107587
H            6.68686365585231       -5.21661941180733        0.17897745844086
H            8.01824232271381       -4.31213236217999        2.05128626184171
H            8.72521146039010       -1.93063674228677        2.01299956412408
33
 energy: -49.015273294544 gnorm: 0.008540157171 xtb: 6.7.1 (edcfbbe)
C            5.08792195802700        2.83094478364919        0.39664553695231
N            4.65913827599111        1.47171427733950        0.14487207475549
C            4.26151913440515        0.70970609962649        1.30790415128233
C            4.88268571430960        0.94136859786857       -1.08604392636656
O            5.29459721065593        1.62626349249024       -2.00866018276429
C            4.56696298312199       -0.55012015600945       -1.24615571946725
N            5.25894706408160       -1.21539683016458       -2.33537994572349
C            4.85535712696474       -0.77515702174990       -3.65711128175528
C            6.70226789664349       -1.18679275365977       -2.13868404972143
C            7.06862861549758       -2.03910108051844       -0.95218097231989
C            6.67329057350009       -3.37124708585474       -0.90296684520348
C            6.99607388782119       -4.17580392283328        0.17358843652619
C            7.73180502349938       -3.66389334840760        1.23023155424859
C            8.12799469631749       -2.33954683616317        1.21384339140510
C            7.78533832612525       -1.54930582429586        0.13095282603391
F            8.16461823701647       -0.25043021238374        0.15155590298656
H            4.32575185987239        3.36547457471921        0.97357923848167
H            5.23107924553982        3.32064376530765       -0.56747032140211
H            6.03630778192432        2.84247402102492        0.94899943246923
H            3.88732571873646        1.40490423721672        2.05915382357677
H            5.10639344119937        0.15833705052189        1.73999839837136
H            3.46258310041571        0.00910408627128        1.06317855697994
H            3.48979742391048       -0.65740333318160       -1.40948724005733
H            4.83652067786098       -1.08845164388802       -0.33424582408635
H            3.77683623668075       -0.89865215679269       -3.74466319320584
H            5.33614742796168       -1.41678498511891       -4.39705662907433
H            5.11425136895280        0.26539385420423       -3.86676475945682
H            7.08706088888040       -0.16603081457135       -2.01267825942074
H            7.16506480976200       -1.61709625568860       -3.02970281169568
H            6.09589245644725       -3.76059550190413       -1.72664956708634
H            6.67802762676528       -5.20731545605770        0.18969371279987
H            7.99504253549672       -4.29355722626475        2.06565451426804
H            8.69637067561484       -1.91014639473185        2.02364997767275
33
 energy: -49.015340743376 gnorm: 0.007983060754 xtb: 6.7.1 (edcfbbe)
C            5.08803285397729        2.82874772559409        0.39852086456672
N            4.66629616156197        1.46677975322463        0.14924701204321
C            4.25430391809673        0.71008001607382        1.30488194430978
C            4.90120807447290        0.93549330714521       -1.07800197631981
O            5.31750810372955        1.62203384375795       -1.99669377492549
C            4.57645929637670       -0.55043903022158       -1.24203676336778
N            5.25832883711135       -1.21860109407882       -2.33651524572298
C            4.84997115299791       -0.76846826954604       -3.65495807897885
C            6.70433581436893       -1.19829767563091       -2.14969844146321
C            7.07145719126156       -2.04348413015401       -0.95827897666776
C            6.67895921755223       -3.37642931560561       -0.90448387652900
C            6.99818352614612       -4.17559612204464        0.17749231682295
C            7.72696168855226       -3.65591475519289        1.23578120841315
C            8.12092286318232       -2.33048300114614        1.21402736197038
C            7.78281949219850       -1.54599321496081        0.12518221572599
F            8.16018186281818       -0.24695553781860        0.14087224058519
H            4.32924130143019        3.35978194366720        0.97055219333256
H            5.23085001289201        3.31862927589989       -0.55966646208076
H            6.02934349368793        2.84561008279895        0.95042392453361
H            3.88307974885307        1.40464007105054        2.05706503935790
H            5.08573964932327        0.14945830929248        1.73721448677262
H            3.45330245749394        0.02146370958192        1.05413770999084
H            3.49762630824627       -0.65207685918088       -1.39895028796035
H            4.84730594451215       -1.09167820546798       -0.33264303956073
H            3.76926889924574       -0.87949586411663       -3.73765832510015
H            5.31967579728413       -1.41309859563032       -4.39961895189969
H            5.11869274052643        0.27139663820768       -3.86080814218108
H            7.09912322788860       -0.17799100290971       -2.03484850518566
H            7.15829022594285       -1.64112190747200       -3.04187871880417
H            6.10636698116812       -3.77047799516461       -1.72980216301591
H            6.68347601283110       -5.20799693215659        0.19737954383517
H            7.98586257307456       -4.28005181666665        2.07695520947863
H            8.68442457119443       -1.89596335112911        2.02440845802768
33
 energy: -49.015423894592 gnorm: 0.007817938164 xtb: 6.7.1 (edcfbbe)
C            5.08513366683817        2.82669983448939        0.40010959619635
N            4.66924100266649        1.46332192437555        0.14947451782253
C            4.27029918068379        0.70447909912110        1.30749046890164
C            4.90298707378336        0.93313103680625       -1.07693414206502
O            5.32322642893716        1.61712582392653       -1.98831151263728
C            4.57781543591189       -0.55285425732319       -1.24390166294861
N            5.25691381863268       -1.21942147241644       -2.34081450899548
C            4.84715365667817       -0.76548718999818       -3.65857424857340
C            6.70415682217153       -1.20358380195485       -2.15723956330569
C            7.07119853708639       -2.04462010088110       -0.96316318288179
C            6.68107229526404       -3.37846449929377       -0.90551908453796
C            6.99608738367584       -4.17232828662429        0.18186330443648
C            7.71722725391284       -3.64594793062837        1.24224061009113
C            8.10937989988054       -2.31990198924694        1.21633650118603
C            7.77642600338712       -1.54116200629748        0.12154592508793
F            8.15079328691668       -0.24077311403798        0.13348586076990
H            4.30425345287526        3.36509761494384        0.94198579145129
H            5.26285397860573        3.30706389275849       -0.56177642975535
H            6.00987217391631        2.84617064294207        0.98688051285914
H            3.89354322095936        1.39587389106370        2.06007569236830
H            5.11402333332673        0.15717892751684        1.73858690918540
H            3.47588267978777        0.00108543881803        1.06571123402730
H            3.49849742857398       -0.65332990205540       -1.39974529073771
H            4.84800207401364       -1.09554387126154       -0.33549348925694
H            3.76615636877350       -0.87168042011320       -3.73942317624151
H            5.31324752065277       -1.40920015139619       -4.40527539077455
H            5.11881521396004        0.27449622279712       -3.86217389484417
H            7.10390655815397       -0.18405309783362       -2.05041785792176
H            7.15450927391745       -1.65247202836237       -3.04936449001725
H            6.11351497260638       -3.77737699957934       -1.73220705843064
H            6.68302276614520       -5.20526199865180        0.20450933129520
H            7.97187567894080       -4.26484399493196        2.08885656089981
H            8.66651155836357       -1.87991723667097        2.02878216734983
33
 energy: -49.015506616672 gnorm: 0.002476474410 xtb: 6.7.1 (edcfbbe)
C            5.08802463945803        2.82689441344797        0.40294662187901
N            4.67352986471200        1.46334687662340        0.15139356590825
C            4.26841072948010        0.70437653071264        1.30892370173291
C            4.90568382360876        0.93415244193439       -1.07647681379963
O            5.32961326262963        1.61792491466203       -1.99015726754374
C            4.57778539258852       -0.55314159740205       -1.24363884732979
N            5.25653862580842       -1.21892335832168       -2.34028933594578
C            4.84654625244542       -0.76849445121927       -3.65802392152128
C            6.70378604369471       -1.20358284538382       -2.15837222664262
C            7.07194406788996       -2.04454554913175       -0.96512501016735
C            6.68321221959813       -3.37868394014542       -0.90723369741757
C            6.99738697791096       -4.17137194959591        0.18095009732953
C            7.71600748584396       -3.64394897090382        1.24210267785275
C            8.10782390833097       -2.31808928718173        1.21569848138208
C            7.77600003824531       -1.54068331191303        0.11978189226897
F            8.15138323637476       -0.24008625127116        0.12995975748656
H            4.30282225974016        3.36577851776814        0.93543267396279
H            5.27263656092967        3.30490567127329       -0.55718635474985
H            6.00749519429975        2.84874647526013        0.99493448955080
H            3.89286320898770        1.39645230337726        2.06182759980277
H            5.10789129720855        0.15000957005440        1.74265464378264
H            3.47014760331426        0.00590829895142        1.06318166283294
H            3.49848890408709       -0.65124520129019       -1.40111188517110
H            4.84552193049786       -1.09739891566707       -0.33504165708005
H            3.76457868428961       -0.87105772200952       -3.73588007408425
H            5.30987346098857       -1.41566336518787       -4.40299915677389
H            5.12186634348961        0.26952413009262       -3.86564268140291
H            7.10312642916424       -0.18474235863197       -2.05230517552297
H            7.15206640833954       -1.65104127392945       -3.05099107108733
H            6.11707074816339       -3.77871290678050       -1.73401310047424
H            6.68469034118417       -5.20435595201981        0.20343199382767
H            7.96938402100269       -4.26164287095426        2.09010585703212
H            8.66340003569263       -1.87710806521751        2.02876256008573
33
 energy: -49.015575917174 gnorm: 0.003283547772 xtb: 6.7.1 (edcfbbe)
C            5.09365324583389        2.82693355532642        0.40831802825691
N            4.68253615416536        1.46252013729162        0.15556822828929
C            4.26372067003945        0.70428553083576        1.31030348152376
C            4.91221444693604        0.93457256353006       -1.07320022597788
O            5.34028659153248        1.61713836448208       -1.98845553371320
C            4.57838332415114       -0.55313831002251       -1.24340377226216
N            5.25596183929417       -1.21866460339160       -2.33940296308640
C            4.84445332152360       -0.77403537510847       -3.65724506865391
C            6.70362827755370       -1.20383367281262       -2.16119173614828
C            7.07373750563803       -2.04437311055783       -0.96900226316308
C            6.68735401984798       -3.37915821865434       -0.91056616615447
C            6.99988276287219       -4.16972099265785        0.17942723896317
C            7.71369475096401       -3.63987686750243        1.24227577582295
C            8.10473236160902       -2.31397371741403        1.21483921950593
C            7.77541751414248       -1.53922608205756        0.11648169497195
F            8.15160669034533       -0.23816649868283        0.12400548481905
H            4.29908569908095        3.36830959166188        0.92262554610364
H            5.29452068290571        3.29943363184832       -0.55037134574812
H            6.00223235992268        2.85176862637054        1.01437401033509
H            3.89262442813353        1.39863117983534        2.06346359021095
H            5.09479958183264        0.13742490880457        1.74706952588612
H            3.45814799369795        0.01571832178053        1.05772372550130
H            3.49892101287048       -0.64578791566411       -1.40309972214637
H            4.84187987076422       -1.09926273858884       -0.33442099349794
H            3.76106048935317       -0.86891022522920       -3.73000166711793
H            5.30060857944489       -1.42894220540114       -4.39962995891042
H            5.12666362509273        0.26054620398484       -3.87305850960658
H            7.10249556619791       -0.18555074989399       -2.05608797647209
H            7.14841881128763       -1.65018022551480       -3.05494090178852
H            6.12432701643665       -3.78159346460352       -1.73803559670724
H            6.68865415929622       -5.20313099150192        0.20150945423790
H            7.96460606942389       -4.25530833593960        2.09280335907126
H            8.65729057780899       -1.87094831455289        2.02892603765856
33
 energy: -49.015650498020 gnorm: 0.005317702161 xtb: 6.7.1 (edcfbbe)
C            5.10237133706997        2.82604916624146        0.41588982886048
N            4.69632490976683        1.46034971672917        0.16119120229088
C            4.25631494803025        0.70413170686972        1.31063933746416
C            4.92184341915212        0.93410000005442       -1.06823884945009
O            5.35488729980990        1.61414274088053       -1.98421155759880
C            4.58013422545885       -0.55311029918364       -1.24224184065114
N            5.25521340704377       -1.21880633279821       -2.33798073751178
C            4.84015279730022       -0.78117210878114       -3.65587235455240
C            6.70382194827434       -1.20449288411289       -2.16595820863466
C            7.07670096310775       -2.04405759592856       -0.97467572565529
C            6.69404775235865       -3.37992952377793       -0.91558836386420
C            7.00398473453870       -4.16740128987031        0.17733158867119
C            7.71040022354341       -3.63350455887017        1.24291570765885
C            8.09972617646906       -2.30712637874015        1.21405078285119
C            7.77419274801446       -1.53624528523076        0.11203850270355
F            8.15019167439120       -0.23449435609900        0.11653870436955
H            4.29289508139778        3.37301000505936        0.90133682957385
H            5.33188189693757        3.28974686004834       -0.54109564112554
H            5.99272427781048        2.85407870295185        1.04796945631617
H            3.89398007721062        1.40206527453263        2.06467652604811
H            5.07424824879984        0.11886684312905        1.74995617593581
H            3.43937926448789        0.03139163331421        1.04919587975783
H            3.50040235179880       -0.63766381244434       -1.40450536273959
H            4.83777938659699       -1.10183457676777       -0.33290648747658
H            3.75498606535791       -0.86375655268580       -3.72119227369700
H            5.28386000274630       -1.44800059767242       -4.39552285690376
H            5.13287014597687        0.24845431565711       -3.88343898500873
H            7.10257347748062       -0.18648866549008       -2.06261737668248
H            7.14374611534661       -1.65062393469500       -3.06155361203422
H            6.13578215166447       -3.78603726737266       -1.74439897850649
H            6.69530050716126       -5.20159476145844        0.19913945652931
H            7.95738728746590       -4.24564371858839        2.09707425635391
H            8.64749509742967       -1.86090246490032        2.02965497671120
33
 energy: -49.015725923808 gnorm: 0.005731093996 xtb: 6.7.1 (edcfbbe)
C            5.11429769988067        2.82334219994162        0.42519153515347
N            4.71432443444273        1.45644513846949        0.16759475872992
C            4.24626997422389        0.70393893732724        1.30903711571642
C            4.93441044148043        0.93233410921749       -1.06239986734492
O            5.37246305421093        1.60891826188120       -1.97801137514853
C            4.58326296121771       -0.55301699742757       -1.23987566635148
N            5.25409711761570       -1.21979124154099       -2.33632992891475
C            4.83312363997770       -0.78859085645451       -3.65383307816243
C            6.70412444565983       -1.20617620349491       -2.17288152884995
C            7.08056754606803       -2.04365495987273       -0.98172579827664
C            6.70340883614490       -3.38108250135672       -0.92186089750260
C            7.00998858087851       -4.16448854164876        0.17505457035205
C            7.70655497238825       -3.62472940606197        1.24419414158096
C            8.09253660646008       -2.29724437000594        1.21359470124166
C            7.77157410843447       -1.53120069916044        0.10699328022983
F            8.14520587561052       -0.22849295192485        0.10877933687958
H            4.28542969179965        3.38027429016892        0.86936720050996
H            5.38751643929394        3.27493614122016       -0.52819203491433
H            5.97710066487374        2.85394204066797        1.09683152422211
H            3.89753418669869        1.40641981748636        2.06506464901685
H            5.04611747183437        0.09465022024459        1.74945395052292
H            3.41395103785961        0.05341185652001        1.03748053775982
H            3.50311673458083       -0.62812635258860       -1.40394301578796
H            4.83464295824945       -1.10492172151794       -0.33060240578246
H            3.74611328857732       -0.85422948323426       -3.70936030902578
H            5.25899685334868       -1.47036351348140       -4.39128490252211
H            5.13982235213573        0.23452132955306       -3.89514359496601
H            7.10367484724070       -0.18816338115894       -2.07299533553494
H            7.13794834049981       -1.65386986505602       -3.07071223219516
H            6.15173708709999       -3.79215683344813       -1.75276466400250
H            6.70535897097427       -5.19992696977963        0.19701231458587
H            7.94867353819551       -4.23279496046734        2.10267237924292
H            8.63365524204241       -1.84661253301666        2.03119463954154
33
 energy: -49.015779591366 gnorm: 0.004158349664 xtb: 6.7.1 (edcfbbe)
C            5.12245380001601        2.81984507548472        0.43013957476173
N            4.72429645821145        1.45320528538343        0.17038190990506
C            4.23977150416450        0.70381119853135        1.30599198042844
C            4.94105568701048        0.93044443216498       -1.06004335124632
O            5.38154758810991        1.60509435955894       -1.97403673255557
C            4.58561246628677       -0.55281147050511       -1.23794871503057
N            5.25302865652726       -1.22128540399882       -2.33583302255665
C            4.82788597421071       -0.79063431728270       -3.65255192655376
C            6.70392712050167       -1.20844304342971       -2.17761013646509
C            7.08234677100403       -2.04350825831587       -0.98523843311296
C            6.70948570059134       -3.38207790479791       -0.92486372645146
C            7.01451430928492       -4.16293520068102        0.17447217557204
C            7.70513114740657       -3.61898943248696        1.24547030701703
C            8.08748925261162       -2.29028573532820        1.21393443281533
C            7.76836921719734       -1.52690488619680        0.10494465472291
F            8.13811890788829       -0.22347079647487        0.10625278837231
H            4.28493986771587        3.38500032709902        0.84807558699056
H            5.42516079122944        3.26446639376945       -0.51826623511512
H            5.96577758656894        2.84987089149673        1.12706078451453
H            3.90117599422511        1.40846184510430        2.06430052336942
H            5.02771278577657        0.07999348878202        1.74477179248054
H            3.39783231165736        0.06833858925759        1.02965998548860
H            3.50518416017372       -0.62412385247790       -1.40126369285628
H            4.83516064703010       -1.10610696172476       -0.32918157341453
H            3.74041481864446       -0.84576273151379       -3.70246454948999
H            5.24234998674628       -1.47960648130752       -4.39005350544636
H            5.14269366885501        0.22863099861364       -3.89951046238177
H            7.10503575929058       -0.19023200785915       -2.08133346517541
H            7.13434418164872       -1.65920965668771       -3.07621454887943
H            6.16215943355060       -3.79636610198018       -1.75723140765471
H            6.71325087895239       -5.19937352207037        0.19715275099117
H            7.94510985345293       -4.22485148224222        2.10596678336619
H            8.62426271345809       -1.83668363788485        2.03266945359352
33
 energy: -49.015831601129 gnorm: 0.002990918340 xtb: 6.7.1 (edcfbbe)
C            5.13097026960228        2.81480989267966        0.43317536509934
N            4.73068415440905        1.44987835857484        0.17098028434587
C            4.23380034762193        0.70357825305454        1.30115054279832
C            4.94560784253563        0.92806269815399       -1.06009789017039
O            5.38812640440010        1.60184712988664       -1.97151670201634
C            4.58753514296339       -0.55256644871582       -1.23605580274817
N            5.25101008662221       -1.22366180592110       -2.33638844732444
C            4.82286894460307       -0.78826222988843       -3.65164114820472
C            6.70243935156475       -1.21241849967937       -2.18188761417041
C            7.08219235245990       -2.04369164767758       -0.98674011950744
C            6.71454570547237       -3.38354567048293       -0.92569640913255
C            7.01970722392006       -4.16207804453781        0.17539586120174
C            7.70587054481519       -3.61379743187648        1.24717636294749
C            8.08261292138006       -2.28334961511934        1.21491634206630
C            7.76296129332654       -1.52186877250308        0.10464848170892
F            8.12605564397614       -0.21744581820402        0.10672347828857
H            4.29042641336633        3.38874003763271        0.82973340513261
H            5.45880103891826        3.25407795334294       -0.50813479149672
H            5.95669661736472        2.84109369934825        1.14954779022703
H            3.90542748569353        1.40911801255063        2.06279520941800
H            5.01082321063304        0.06688971486388        1.73652307350557
H            3.38308438537966        0.08253119987208        1.02206385263634
H            3.50670374615884       -0.62379279399909       -1.39609993721843
H            4.83876879409913       -1.10630210332778       -0.32830390690308
H            3.73561664440596       -0.83541788647986       -3.69754042578264
H            5.22878240384968       -1.47955788681534       -4.39119767867335
H            5.14352451957047        0.22860748842899       -3.89828173404155
H            7.10623903946328       -0.19410438260916       -2.09081074464631
H            7.13042943006089       -1.66844421033831       -3.07994481430943
H            6.17100930273903       -3.80080111185035       -1.75921983063897
H            6.72263812624125       -5.19969850489061        0.19952305281506
H            7.94604313475653       -4.21815508998046        2.10843987372411
H            8.61559747762570       -1.82677448349254        2.03436502107315
33
 energy: -49.015864913820 gnorm: 0.003845885924 xtb: 6.7.1 (edcfbbe)
C            5.14304507732782        2.80940464099778        0.43792297479247
N            4.73922764215993        1.44654632785415        0.17227532248699
C            4.22505508537782        0.70328173665986        1.29630964750907
C            4.95307504548127        0.92558250226156       -1.05967069324495
O            5.40055211851209        1.59849072283904       -1.96901860111031
C            4.58939653840594       -0.55257690093361       -1.23414160388645
N            5.24759710156361       -1.22644215142922       -2.33726521011420
C            4.81702700355153       -0.78557276458156       -3.65058269151670
C            6.69955280837573       -1.21805246147831       -2.18737905191951
C            7.08125396673235       -2.04434340878828       -0.98911441768548
C            6.72089863279991       -3.38601192986911       -0.92673163629778
C            7.02704864747510       -4.16101100609910        0.17660365263505
C            7.70739821002773       -3.60681471422044        1.24917819591479
C            8.07646396805231       -2.27422910474215        1.21559226087181
C            7.75555857970596       -1.51589208145905        0.10336662437870
F            8.11041081793285       -0.20979735634475        0.10511597486769
H            4.29498034740011        3.39436343638829        0.80469856133051
H            5.50413297013604        3.23988237919094       -0.49620399546190
H            5.94670070563356        2.83137030352323        1.18034904847659
H            3.90944785098505        1.41043853317334        2.06202662964229
H            4.98760535975129        0.04727023922287        1.72934918485204
H            3.36167668228247        0.10134593178780        1.01180075500778
H            3.50787476201810       -0.62255516910320       -1.39047042315733
H            4.84223023132227       -1.10727258218494       -0.32741356777633
H            3.72926911909816       -0.82286413585152       -3.69094406991453
H            5.21330314462852       -1.47978981304415       -4.39257967783472
H            5.14574949144518        0.22866599637261       -3.89675366333164
H            7.10643595090796       -0.20016113006952       -2.10295993906261
H            7.12365342755580       -1.67998236399927       -3.08460111585286
H            6.18215250359049       -3.80753676408709       -1.76129006189622
H            6.73569114690242       -5.20021147347205        0.20239378887686
H            7.94859042295070       -4.20868121743339        2.11185490203468
H            8.60454463990890       -1.81334422108113        2.03588289638974
33
 energy: -49.015902367172 gnorm: 0.003360426810 xtb: 6.7.1 (edcfbbe)
C            5.15514893328923        2.80352802545953        0.44091017763216
N            4.74224189854370        1.44418329957204        0.17161387871994
C            4.21642031608137        0.70300397640529        1.29094638707017
C            4.95819429830582        0.92308593883997       -1.06083551182886
O            5.41241405187152        1.59613145702806       -1.96733722379260
C            4.58999041652059       -0.55287683641835       -1.23337681660866
N            5.24256126262588       -1.22963429912931       -2.33967670097280
C            4.81277257116249       -0.77793259402961       -3.65042620920002
C            6.69461407296032       -1.22622845340684       -2.19203521426653
C            7.07722733373195       -2.04622831763189       -0.98945260508953
C            6.72541400891024       -3.38998907955086       -0.92489365326875
C            7.03546397563695       -4.16119779347611        0.17990472782440
C            7.71192121706126       -3.60067688276407        1.25170651761858
C            8.07076034474391       -2.26546802764908        1.21658534863552
C            7.74532058125200       -1.51027886841519        0.10328935739743
F            8.08916317416960       -0.20176016995302        0.10471181682372
H            4.30752923415598        3.39902104833238        0.78738899195065
H            5.53931901088122        3.22693617334504       -0.48508960831594
H            5.94231228955700        2.81876860200843        1.19798345711699
H            3.91242863894164        1.41000396117169        2.06146807904178
H            4.96699188840677        0.03087171173679        1.72024061536274
H            3.34298901303459        0.11743954275288        1.00277904369830
H            3.50761263592015       -0.62395756081592       -1.38390709669145
H            4.84733681614154       -1.10745878073854       -0.32773341787799
H            3.72502072782326       -0.81001799946787       -3.68874512901814
H            5.20527870032640       -1.46848668920379       -4.39705770645705
H            5.14612347298673        0.23621068379020       -3.88901298450478
H            7.10555295513590       -0.20933363765202       -2.11543097013248
H            7.11534966015086       -1.69585366734568       -3.08686614150552
H            6.19048453531335       -3.81598667688430       -1.75955362865850
H            6.75108225340382       -5.20225065518814        0.20787740975246
H            7.95774127885627       -4.20022869627641        2.11473638594306
H            8.59481843209665       -1.79983873444576        2.03688842360531
33
 energy: -49.015925310842 gnorm: 0.002875021319 xtb: 6.7.1 (edcfbbe)
C            5.16731330539750        2.79904564175368        0.44589299714334
N            4.74685912221549        1.44249291001795        0.17287187261769
C            4.20638310996527        0.70326970804583        1.28745991206644
C            4.96605544956334        0.92101191082980       -1.05910433602003
O            5.42915648510223        1.59289283438449       -1.96325489311953
C            4.59048480165872       -0.55324016833044       -1.23310379377388
N            5.23739382557593       -1.23170586871270       -2.34163645332134
C            4.80860820841381       -0.77295362233096       -3.65020210090271
C            6.68992647057394       -1.23437303573142       -2.19743004911665
C            7.07375749228016       -2.04885100532814       -0.99172614115550
C            6.73083693068396       -3.39486647113154       -0.92440536389119
C            7.04452705736627       -4.16130871583611        0.18259119946870
C            7.71560839133761       -3.59370204425426        1.25411550393969
C            8.06453388587739       -2.25606423894856        1.21679255461576
C            7.73555454417657       -1.50567345483671        0.10119889311357
F            8.06975958922978       -0.19450433413880        0.10036006830455
H            4.31643994413609        3.40543482907472        0.76769846270835
H            5.57907941258420        3.21303461457003       -0.47362560517016
H            5.93613601287564        2.80930998126908        1.22254301986468
H            3.91305191738374        1.41073134084324        2.06159622126552
H            4.94468513523909        0.01511677813207        1.71457969414406
H            3.32359536522328        0.13368355071357        0.99372165929587
H            3.50732881538377       -0.62076098524026       -1.38006936030721
H            4.84860274818314       -1.10896368968141       -0.32813099918792
H            3.72038490810085       -0.79915559221076       -3.68678328475739
H            5.19701942929353       -1.46218878183935       -4.40021508032625
H            5.14744625526461        0.24052051300287       -3.88471855108648
H            7.10471063970108       -0.21887373031948       -2.12782213795824
H            7.10554170343098       -1.71057194857736       -3.09076962333562
H            6.20038983338100       -3.82650264913694       -1.75900241490264
H            6.76739415684449       -5.20427900131524        0.21233815715254
H            7.96518414108878       -4.18964742674199        2.11873862680673
H            8.58385091246669       -1.78485784799543        2.03710134582894
33
 energy: -49.015917979672 gnorm: 0.004693381910 xtb: 6.7.1 (edcfbbe)
C            5.17956968235642        2.79452918195577        0.45091602678068
N            4.75150968065881        1.44079033021151        0.17414109162817
C            4.19626965262365        0.70353839903438        1.28394808672583
C            4.97397785496312        0.91892250358365       -1.05735639258260
O            5.44603191287852        1.58962708507624       -1.95913572581791
C            4.59098209794382       -0.55360534570351       -1.23283055616893
N            5.23218590073853       -1.23379108287682       -2.34361192778041
C            4.80441315160959       -0.76793572549514       -3.64997751145062
C            6.68520270782994       -1.24258284076307       -2.20286749811685
C            7.07025959800170       -2.05149668347309       -0.99401847665879
C            6.73630257281323       -3.39978470980534       -0.92391314749655
C            7.05366188110172       -4.16142174150818        0.18529978899640
C            7.71932363583578       -3.58667260787097        1.25654443576741
C            8.05825704413984       -2.24658664580616        1.21700153535370
C            7.72571067930801       -1.50103419194041        0.09909101521167
F            8.05020324442928       -0.18719377966289        0.09597121040421
H            4.32543018023134        3.41189484173927        0.74787267122213
H            5.61912700923498        3.19903008326161       -0.46206862077060
H            5.92991724274286        2.79978062960216        1.24727742021032
H            3.91367477471038        1.41146393947542        2.06172411927216
H            4.92221086227344       -0.00074871908475        1.70887718304551
H            3.30406068201386        0.15004803806790        0.98459592106629
H            3.50704230136299       -0.61753201528051       -1.37620747516414
H            4.84987150962430       -1.11048166359755       -0.32853348112255
H            3.71571562655999       -0.78821278481817       -3.68481316067940
H            5.18870228514391       -1.45584024871007       -4.40339715753709
H            5.14877716551269        0.24486501015655       -3.88039273040320
H            7.10386448962730       -0.22849078449473       -2.14031006389326
H            7.09565541426409       -1.72540802401922       -3.09470469394509
H            6.21037405706162       -3.83710586586058       -1.75844633629372
H            6.78383593891572       -5.20632470449270        0.21683491530600
H            7.97268413714806       -4.17898172326730        2.12277420089495
H            8.57279502633943       -1.76975815363391        2.03731533400007
33
 energy: -49.015948154556 gnorm: 0.002926936115 xtb: 6.7.1 (edcfbbe)
C            5.17674713413872        2.79599409789837        0.44995120185540
N            4.74599049697690        1.44274807630373        0.17345558764166
C            4.19765113952437        0.70423856687604        1.28561783949140
C            4.97275925159464        0.91965198998071       -1.05653411134058
O            5.44660137439655        1.58991549071852       -1.95800231783575
C            4.58955358508285       -0.55353499624788       -1.23445228731322
N            5.23146423529789       -1.23243136546257       -2.34437707774603
C            4.80683533100774       -0.76589703542512       -3.65096174821531
C            6.68441289060367       -1.24377558756660       -2.20176097939149
C            7.06824540011958       -2.05320848835676       -0.99326246580243
C            6.73429619939279       -3.40144073229329       -0.92223361664276
C            7.05365735536740       -4.16274668309279        0.18656597365850
C            7.72086552252726       -3.58816280108692        1.25666688934465
C            8.05933024153558       -2.24818142974605        1.21663754738265
C            7.72500455734838       -1.50336025652177        0.09896041788932
F            8.04975434801904       -0.18923987636087        0.09459802285139
H            4.32899246150559        3.41055106449801        0.75935674887462
H            5.60279671393446        3.20262041313872       -0.46459738262061
H            5.93559258302346        2.80099123547821        1.23420680204841
H            3.90931378617906        1.41079010733643        2.06164803590865
H            4.92913747120492        0.00864294862184        1.71132399721384
H            3.31169849270675        0.14324727899559        0.98777485221562
H            3.50575946271927       -0.61558396866839       -1.37904348421066
H            4.84688914728573       -1.11094793445553       -0.32995646474643
H            3.71848691212094       -0.79231148657092       -3.69065624632469
H            5.19824568896151       -1.44920878395748       -4.40480753371324
H            5.14654366002013        0.24930904325472       -3.87785523958863
H            7.10386627417225       -0.23043059362445       -2.13843990257454
H            7.09459294454343       -1.72668328382994       -3.09321604745850
H            6.20726284690729       -3.83920056825575       -1.75566410967440
H            6.78407851865962       -5.20760016700511        0.21812348058852
H            7.97619309731273       -4.18010236495258        2.12259506568736
H            8.57498087580845       -1.77115190962072        2.03593855255104
33
 energy: -49.015960281941 gnorm: 0.001472814971 xtb: 6.7.1 (edcfbbe)
C            5.17769078617427        2.79577006776030        0.45158645293945
N            4.74621414107525        1.44305562392488        0.17428906283269
C            4.19633720540087        0.70487189490529        1.28575859447216
C            4.97491234014621        0.91963355492154       -1.05464762571265
O            5.45135922426113        1.58810918626328       -1.95509365548917
C            4.58954261100726       -0.55297745885259       -1.23468171281521
N            5.23076197327391       -1.23167822597124       -2.34445606950711
C            4.80620771229285       -0.76579197606139       -3.65107322246922
C            6.68409328359564       -1.24539855746881       -2.20304796709872
C            7.06783060617225       -2.05450506972859       -0.99441802176120
C            6.73568869204989       -3.40312858431351       -0.92259869635671
C            7.05553633271637       -4.16311087905166        0.18705626058453
C            7.72107861735210       -3.58692189216617        1.25725018669019
C            8.05801223526564       -2.24650319368646        1.21645472593376
C            7.72348206679647       -1.50338992115457        0.09790842345565
F            8.04736805339964       -0.18900405564999        0.09243380881892
H            4.33050017494967        3.41142914145226        0.75951471561279
H            5.60612299937574        3.20181713415165       -0.46205480825469
H            5.93496538615876        2.79999436846520        1.23766709301806
H            3.90684173911728        1.41213646589311        2.06074068048570
H            4.92750541532209        0.00996018646457        1.71230643859366
H            3.31073643331910        0.14407231917846        0.98664833794783
H            3.50583714072232       -0.61104019581708       -1.38098720316724
H            4.84348674374866       -1.11211727495119       -0.33034033212601
H            3.71801526597482       -0.79333736350677       -3.69238610698149
H            5.19872007751633       -1.44887591025382       -4.40469667466643
H            5.14477093722567        0.24963988473600       -3.87839730548865
H            7.10528090897190       -0.23255733743639       -2.14068129790262
H            7.09230161166859       -1.72978819601077       -3.09482594050571
H            6.20991942214064       -3.84279220011049       -1.75589143778148
H            6.78749829630028       -5.20833462723491        0.21895936871983
H            7.97639291924677       -4.17765590457278        2.12384946680973
H            8.57258864726055       -1.76808100411798        2.03545446117313
33
 energy: -49.015979257102 gnorm: 0.002205936644 xtb: 6.7.1 (edcfbbe)
C            5.18959699076518        2.79174867295488        0.46055153832067
N            4.74930893994469        1.44318749349034        0.17735700898991
C            4.18466147433666        0.70761289431433        1.28335793783066
C            4.98929093943646        0.91797050639350       -1.04760385347647
O            5.48316267296554        1.57959266478033       -1.94233620674056
C            4.58932571269948       -0.55078929592856       -1.23560430110282
N            5.22450320737770       -1.23088950783174       -2.34642169198224
C            4.80083480550598       -0.76153364272842       -3.65168051757095
C            6.67912338993079       -1.25695220621352       -2.21107422838046
C            7.06349307708814       -2.06074015701593       -0.99944594870055
C            6.74427229017631       -3.41227790590309       -0.92318846559295
C            7.06847133539433       -4.16460323341832        0.19082959596509
C            7.72470818046844       -3.57806745203319        1.26101489547865
C            8.04923248401158       -2.23434032196953        1.21601387359027
C            7.71104257048663       -1.49995474043728        0.09322850619019
F            8.02433836487537       -0.18277452802948        0.08296423229346
H            4.34350747201308        3.41795473375162        0.75050599659857
H            5.64123766362344        3.19113048991975       -0.44545657069375
H            5.93150743534285        2.78900932115249        1.26216981459125
H            3.89519314615319        1.41669054416075        2.05666141425714
H            4.90721317765191        0.00663190348959        1.71338133176719
H            3.29666023596418        0.15512350137273        0.97649035736738
H            3.50535712271555       -0.59289804548614       -1.38600217031466
H            4.83171219662225       -1.11703420475412       -0.33242542961805
H            3.71279948678496       -0.79163237916667       -3.69701741209006
H            5.19632238248455       -1.44119496380522       -4.40729235357754
H            5.13722733026370        0.25542392469968       -3.87589423903026
H            7.10925589203360       -0.24701438640868       -2.15730028041793
H            7.07744721292351       -1.75120215313856       -3.10245810741595
H            6.22598465543674       -3.86234143985235       -1.75588476305627
H            6.81099927383822       -5.21248948396369        0.22537234500899
H            7.98294301305216       -4.16256696460427        2.13075884053230
H            8.55686586763178       -1.74727963779193        2.03402885098362
33
 energy: -49.015985469906 gnorm: 0.001602937944 xtb: 6.7.1 (edcfbbe)
C            5.19453703170859        2.78979838418941        0.46302609937975
N            4.75094051735661        1.44273979975665        0.17767810202263
C            4.18066072490140        0.70829057493929        1.28157398062227
C            4.99381333043338        0.91700425323104       -1.04673774083933
O            5.49331036467073        1.57738836249284       -1.93949828254402
C            4.58953269155309       -0.55023322659920       -1.23576233783238
N            5.22257780766295       -1.23177621289469       -2.34733940224112
C            4.79862740834935       -0.75987571544865       -3.65178614531529
C            6.67717861174760       -1.26056562399077       -2.21348284258165
C            7.06204542192774       -2.06198864250897       -1.00037174124194
C            6.74697668652446       -3.41434843361014       -0.92310179517368
C            7.07242499891511       -4.16467339401426        0.19193161425534
C            7.72595797234034       -3.57517651098267        1.26208420753735
C            8.04625844354663       -2.23047788820661        1.21609624585812
C            7.70672942193808       -1.49800412405786        0.09244344306604
F            8.01581828315662       -0.17995130953804        0.08151921299347
H            4.34878359512792        3.41908351077501        0.74766894598219
H            5.65287235646880        3.18739340942896       -0.44032615222440
H            5.93158812655531        2.78469647552307        1.26897789280199
H            3.89177189104759        1.41773664454068        2.05487943656350
H            4.89942049977179        0.00380231066208        1.71313993201506
H            3.29118424810029        0.15919088948199        0.97199994391172
H            3.50548005727592       -0.58963201987682       -1.38611229524836
H            4.83045264402088       -1.11769340515968       -0.33300632970251
H            3.71047749929136       -0.79030125234820       -3.69656705116124
H            5.19424145274907       -1.43781753579937       -4.40879078084783
H            5.13486205873406        0.25769715838668       -3.87371026975384
H            7.10935652522797       -0.25143423002688       -2.16283226568469
H            7.07331994644148       -1.75774877933867       -3.10411102636145
H            6.23104989590028       -3.86696217596371       -1.75583191204397
H            6.81821976109482       -5.21332708069892        0.22736099929979
H            7.98538469857091       -4.15823853565420        2.13248808683881
H            8.55174502688780       -1.74109567669014        2.03410022765360
33
 energy: -49.015996418260 gnorm: 0.001236577889 xtb: 6.7.1 (edcfbbe)
C            5.20994161919005        2.78341179936082        0.47105107981935
N            4.75677316954568        1.44117346339660        0.17855598431647
C            4.16823581738272        0.71117951223098        1.27537493752339
C            5.00983601584021        0.91342027929397       -1.04399476628835
O            5.52719239340997        1.56991812668499       -1.92998088284347
C            4.59094480256837       -0.54810650650774       -1.23590554021542
N            5.21746131108836       -1.23493331258690       -2.34990521040810
C            4.79087581012325       -0.75607103112198       -3.65169021040853
C            6.67172861754031       -1.27119717547507       -2.22126031529684
C            7.05829949576062       -2.06527222799108       -1.00345329151014
C            6.75596156305190       -3.41991951082790       -0.92363606367308
C            7.08415298537772       -4.16444965555712        0.19452832283221
C            7.72852066905174       -3.56611400168912        1.26511702600040
C            8.03607890529763       -2.21869883889644        1.21637760880099
C            7.69352076180297       -1.49155861321759        0.09007863435397
F            7.98965188242381       -0.17127377740960        0.07780781941218
H            4.36590338488451        3.42050758325413        0.74441482135954
H            5.68479734681310        3.17754235676955       -0.42491859399250
H            5.93498496160710        2.77070248432241        1.28702663790334
H            3.87469124425894        1.42186566015247        2.04603583834615
H            4.87667513729126        0.00110199534399        1.71625518028959
H            3.27878961248182        0.16724512363924        0.95621424300408
H            3.50679424037624       -0.57874040378362       -1.38689447346817
H            4.82686549382973       -1.11963206977913       -0.33459261146725
H            3.70241636058919       -0.78997321612256       -3.69358204008700
H            5.18763248728474       -1.42783504035921       -4.41312739931760
H            5.12431778051625        0.26404527500001       -3.86661822272088
H            7.11000659545801       -0.26462510058852       -2.18028697255928
H            7.06139734046327       -1.77738221660830       -3.10930920149010
H            6.24802659154944       -3.87988451315971       -1.75699326412224
H            6.83988577926474       -5.21528142578297        0.23253102508516
H            7.99066536687366       -4.14502228426095        2.13759376408652
H            8.53457445700158       -1.72264273772449        2.03478613673964
33
 energy: -49.016000736694 gnorm: 0.000905182496 xtb: 6.7.1 (edcfbbe)
C            5.21125403538862        2.78295029528518        0.47168194873775
N            4.75765178303202        1.44100263541302        0.17899534042145
C            4.16766907681007        0.71162850114655        1.27523473539354
C            5.01002723973380        0.91318451650176       -1.04346879136621
O            5.52717281749679        1.56943001799084       -1.92933436094511
C            4.59174053672290       -0.54838694752296       -1.23545222030039
N            5.21795524049610       -1.23490957035588       -2.34954351558042
C            4.79026195735120       -0.75716599983053       -3.65114523732175
C            6.67240082183058       -1.27081276989976       -2.22184463897733
C            7.05910363829607       -2.06497974374240       -1.00422226172385
C            6.75700354416040       -3.41975250525371       -0.92472446113953
C            7.08429980088784       -4.16418826841120        0.19373327685632
C            7.72733180579353       -3.56555841632984        1.26505289196502
C            8.03461392006598       -2.21812135747925        1.21661545335993
C            7.69320545739174       -1.49118331483297        0.08980955222864
F            7.98899725346028       -0.17087085631348        0.07767373550769
H            4.36801293974238        3.41954910139965        0.74774963826317
H            5.68391836389979        3.17793548447808       -0.42484476020463
H            5.93793807509244        2.76965504160829        1.28606801579196
H            3.87058919785284        1.42329397746511        2.04370598113781
H            4.87639570055034        0.00382255770760        1.71907768487030
H            3.28008924457241        0.16561697689110        0.95422946204086
H            3.50762603063330       -0.57867723983300       -1.38634446604544
H            4.82781404405336       -1.11992851589473       -0.33411375833065
H            3.70188785517097       -0.79193085248035       -3.69274912091564
H            5.18696822564583       -1.42895412565520       -4.41257445803583
H            5.12273042787607        0.26301642841180       -3.86701660467345
H            7.11051692355520       -0.26418259386142       -2.18088622501044
H            7.06164760755620       -1.77707934066343       -3.11005915367156
H            6.24991723239769       -3.87972814159627       -1.75864154051981
H            6.84026495316188       -5.21505516516438        0.23134966535766
H            7.98852897321735       -4.14417287115574        2.13798215910966
H            8.53206527610289       -1.72194693802333        2.03560603372431
