===================================================
Begin TASK Prologue Wed Mar  4 09:00:52 PM EST 2026
===================================================
Job ID:           30692
Username:         tuu61186
Group:            icms
Job Name:         g09_array
Resources List:   nodes=1:ppn=8:ntasks=1
Queue:            normal
Account:          default
Nodes:      c07
===================================================
End TASK Prologue Wed Mar  4 09:00:52 PM EST 2026
===================================================
Running Conf8.com
Node: c07
CPUs: 8
Start: Wed Mar  4 09:00:52 PM EST 2026

starting g09 C01 job 'Conf8' from 

submitting job to queue 'normal'
working directory is set to '/home/tuu61186/STEPs/4_mdgx_topology/S06'
sending output to '/home/tuu61186/STEPs/4_mdgx_topology/S06/Conf8.log'
nice is set to 19

job /home/tuu61186/STEPs/4_mdgx_topology/S06/Conf8 finished with exit status 0

cleaning up in /tmp/g09-tuu61186-11151571007061a61x

removed directory '/tmp/g09-tuu61186-11151571007061a61x'
End: Wed Mar  4 09:01:34 PM EST 2026
===================================================
Begin TASK Epilogue Wed Mar  4 09:01:34 PM EST 2026
===================================================
Job ID:           30692
Username:         tuu61186
Job Name:         g09_array
Resources List:   nodes=1:ppn=8:ntasks=1
Queue:            normal
Account:          default
Nodes:      c07
===================================================
End TASK Epilogue Wed Mar  4 09:01:34 PM EST 2026
===================================================
