===================================================
Begin TASK Prologue Mon Mar  2 12:56:14 PM EST 2026
===================================================
Job ID:           30572
Username:         tuu61186
Group:            icms
Job Name:         g09_array
Resources List:   nodes=1:ppn=8:ntasks=1
Queue:            normal
Account:          default
Nodes:      c01
===================================================
End TASK Prologue Mon Mar  2 12:56:14 PM EST 2026
===================================================
Running Conf9.com
Node: c01
CPUs: 8
Start: Mon Mar  2 12:56:14 PM EST 2026

starting g09 C01 job 'Conf9' from 

submitting job to queue 'normal'
working directory is set to '/home/tuu61186/STEPs/4_mdgx_topology/S02'
sending output to '/home/tuu61186/STEPs/4_mdgx_topology/S02/Conf9.log'
nice is set to 19

job /home/tuu61186/STEPs/4_mdgx_topology/S02/Conf9 finished with exit status 0

cleaning up in /tmp/g09-tuu61186-13175561d2522e228x

removed directory '/tmp/g09-tuu61186-13175561d2522e228x'
End: Mon Mar  2 12:56:46 PM EST 2026
