===================================================
Begin TASK Prologue Mon Mar  2 12:56:14 PM EST 2026
===================================================
Job ID:           30575
Username:         tuu61186
Group:            icms
Job Name:         g09_array
Resources List:   nodes=1:ppn=8:ntasks=1
Queue:            normal
Account:          default
Nodes:      c12
===================================================
End TASK Prologue Mon Mar  2 12:56:14 PM EST 2026
===================================================
Running Conf2.com
Node: c12
CPUs: 8
Start: Mon Mar  2 12:56:19 PM EST 2026

starting g09 C01 job 'Conf2' from 

submitting job to queue 'normal'
working directory is set to '/home/tuu61186/STEPs/4_mdgx_topology/S02'
sending output to '/home/tuu61186/STEPs/4_mdgx_topology/S02/Conf2.log'
nice is set to 19

job /home/tuu61186/STEPs/4_mdgx_topology/S02/Conf2 finished with exit status 0

cleaning up in /tmp/g09-tuu61186-3087248237abb5d45x

removed directory '/tmp/g09-tuu61186-3087248237abb5d45x'
End: Mon Mar  2 12:56:53 PM EST 2026
===================================================
Begin TASK Epilogue Mon Mar  2 12:56:53 PM EST 2026
===================================================
Job ID:           30575
Username:         tuu61186
Job Name:         g09_array
Resources List:   nodes=1:ppn=8:ntasks=1
Queue:            normal
Account:          default
Nodes:      c12
===================================================
End TASK Epilogue Mon Mar  2 12:56:53 PM EST 2026
===================================================
