===================================================
Begin TASK Prologue Wed Mar  4 08:52:24 PM EST 2026
===================================================
Job ID:           30680
Username:         tuu61186
Group:            icms
Job Name:         g09_array
Resources List:   nodes=1:ppn=8:ntasks=1
Queue:            normal
Account:          default
Nodes:      c03
===================================================
End TASK Prologue Wed Mar  4 08:52:24 PM EST 2026
===================================================
Running Conf6.com
Node: c03
CPUs: 8
Start: Wed Mar  4 08:52:24 PM EST 2026

starting g09 C01 job 'Conf6' from 

submitting job to queue 'normal'
working directory is set to '/home/tuu61186/STEPs/4_mdgx_topology/S05'
sending output to '/home/tuu61186/STEPs/4_mdgx_topology/S05/Conf6.log'
nice is set to 19

job /home/tuu61186/STEPs/4_mdgx_topology/S05/Conf6 finished with exit status 0

cleaning up in /tmp/g09-tuu61186-10404591aa6b237a7x

removed directory '/tmp/g09-tuu61186-10404591aa6b237a7x'
End: Wed Mar  4 08:52:51 PM EST 2026
===================================================
Begin TASK Epilogue Wed Mar  4 08:52:51 PM EST 2026
===================================================
Job ID:           30680
Username:         tuu61186
Job Name:         g09_array
Resources List:   nodes=1:ppn=8:ntasks=1
Queue:            normal
Account:          default
Nodes:      c03
===================================================
End TASK Epilogue Wed Mar  4 08:52:51 PM EST 2026
===================================================
