===================================================
Begin TASK Prologue Wed Mar  4 09:19:52 PM EST 2026
===================================================
Job ID:           30738
Username:         tuu61186
Group:            icms
Job Name:         g09_array
Resources List:   nodes=1:ppn=8:ntasks=1
Queue:            normal
Account:          default
Nodes:      c07
===================================================
End TASK Prologue Wed Mar  4 09:19:52 PM EST 2026
===================================================
Running Conf4.com
Node: c07
CPUs: 8
Start: Wed Mar  4 09:19:52 PM EST 2026

starting g09 C01 job 'Conf4' from 

submitting job to queue 'normal'
working directory is set to '/home/tuu61186/STEPs/4_mdgx_topology/S05'
sending output to '/home/tuu61186/STEPs/4_mdgx_topology/S05/Conf4.log'
nice is set to 19

job /home/tuu61186/STEPs/4_mdgx_topology/S05/Conf4 finished with exit status 0

cleaning up in /tmp/g09-tuu61186-1118359ca266f8febx

removed directory '/tmp/g09-tuu61186-1118359ca266f8febx'
End: Wed Mar  4 09:20:26 PM EST 2026
===================================================
Begin TASK Epilogue Wed Mar  4 09:20:26 PM EST 2026
===================================================
Job ID:           30738
Username:         tuu61186
Job Name:         g09_array
Resources List:   nodes=1:ppn=8:ntasks=1
Queue:            normal
Account:          default
Nodes:      c07
===================================================
End TASK Epilogue Wed Mar  4 09:20:26 PM EST 2026
===================================================
