===================================================
Begin TASK Prologue Wed Mar  4 08:52:24 PM EST 2026
===================================================
Job ID:           30673
Username:         tuu61186
Group:            icms
Job Name:         g09_array
Resources List:   nodes=1:ppn=8:ntasks=1
Queue:            normal
Account:          default
Nodes:      c07
===================================================
End TASK Prologue Wed Mar  4 08:52:24 PM EST 2026
===================================================
Running Conf9.com
Node: c07
CPUs: 8
Start: Wed Mar  4 08:52:24 PM EST 2026

starting g09 C01 job 'Conf9' from 

submitting job to queue 'normal'
working directory is set to '/home/tuu61186/STEPs/4_mdgx_topology/S05'
sending output to '/home/tuu61186/STEPs/4_mdgx_topology/S05/Conf9.log'
nice is set to 19

job /home/tuu61186/STEPs/4_mdgx_topology/S05/Conf9 finished with exit status 0

cleaning up in /tmp/g09-tuu61186-11139101aa6b237a7x

removed directory '/tmp/g09-tuu61186-11139101aa6b237a7x'
End: Wed Mar  4 08:52:48 PM EST 2026
