===================================================
Begin TASK Prologue Thu Feb 19 03:42:14 AM EST 2026
===================================================
Job ID:           30353
Username:         tuu61186
Group:            icms
Job Name:         g09_array
Resources List:   nodes=1:ppn=8:ntasks=1
Queue:            normal
Account:          default
Nodes:      c01
===================================================
End TASK Prologue Thu Feb 19 03:42:14 AM EST 2026
===================================================
Running Conf6.com
Node: c01
CPUs: 8
Start: Thu Feb 19 03:42:14 AM EST 2026

starting g09 C01 job 'Conf6' from 

submitting job to queue 'normal'
working directory is set to '/home/tuu61186/STEPs/4_mdgx_topology/S01'
sending output to '/home/tuu61186/STEPs/4_mdgx_topology/S01/Conf6.log'
nice is set to 19

job /home/tuu61186/STEPs/4_mdgx_topology/S01/Conf6 finished with exit status 0

cleaning up in /tmp/g09-tuu61186-3956676a31f51e91bx

removed directory '/tmp/g09-tuu61186-3956676a31f51e91bx'
End: Thu Feb 19 03:42:43 AM EST 2026
===================================================
Begin TASK Epilogue Thu Feb 19 03:42:43 AM EST 2026
===================================================
Job ID:           30353
Username:         tuu61186
Job Name:         g09_array
Resources List:   nodes=1:ppn=8:ntasks=1
Queue:            normal
Account:          default
Nodes:      c01
===================================================
End TASK Epilogue Thu Feb 19 03:42:43 AM EST 2026
===================================================
