===================================================
Begin TASK Prologue Thu Mar 19 01:08:17 PM EDT 2026
===================================================
Job ID:           30901
Username:         tuu61186
Group:            icms
Job Name:         g09_array
Resources List:   nodes=1:ppn=8:ntasks=1
Queue:            normal
Account:          default
Nodes:      c02
===================================================
End TASK Prologue Thu Mar 19 01:08:17 PM EDT 2026
===================================================
Running Conf7.com
Node: c02
CPUs: 8
Start: Thu Mar 19 01:08:17 PM EDT 2026

starting g09 C01 job 'Conf7' from 

submitting job to queue 'normal'
working directory is set to '/home/tuu61186/STEPs/4_mdgx_topology/S01'
sending output to '/home/tuu61186/STEPs/4_mdgx_topology/S01/Conf7.log'
nice is set to 19

job /home/tuu61186/STEPs/4_mdgx_topology/S01/Conf7 finished with exit status 0

cleaning up in /tmp/g09-tuu61186-396659123198f145x

removed directory '/tmp/g09-tuu61186-396659123198f145x'
End: Thu Mar 19 01:08:41 PM EDT 2026
===================================================
Begin TASK Epilogue Thu Mar 19 01:08:41 PM EDT 2026
===================================================
Job ID:           30901
Username:         tuu61186
Job Name:         g09_array
Resources List:   nodes=1:ppn=8:ntasks=1
Queue:            normal
Account:          default
Nodes:      c02
===================================================
End TASK Epilogue Thu Mar 19 01:08:42 PM EDT 2026
===================================================
