===================================================
Begin TASK Prologue Thu Feb 19 03:42:14 AM EST 2026
===================================================
Job ID:           30355
Username:         tuu61186
Group:            icms
Job Name:         g09_array
Resources List:   nodes=1:ppn=8:ntasks=1
Queue:            normal
Account:          default
Nodes:      c02
===================================================
End TASK Prologue Thu Feb 19 03:42:14 AM EST 2026
===================================================
Running Conf8.com
Node: c02
CPUs: 8
Start: Thu Feb 19 03:42:14 AM EST 2026

starting g09 C01 job 'Conf8' from 

submitting job to queue 'normal'
working directory is set to '/home/tuu61186/STEPs/4_mdgx_topology/S01'
sending output to '/home/tuu61186/STEPs/4_mdgx_topology/S01/Conf8.log'
nice is set to 19

job /home/tuu61186/STEPs/4_mdgx_topology/S01/Conf8 finished with exit status 0

cleaning up in /tmp/g09-tuu61186-492660a31f51e91bx

removed directory '/tmp/g09-tuu61186-492660a31f51e91bx'
End: Thu Feb 19 03:42:39 AM EST 2026
===================================================
Begin TASK Epilogue Thu Feb 19 03:42:39 AM EST 2026
===================================================
Job ID:           30355
Username:         tuu61186
Job Name:         g09_array
Resources List:   nodes=1:ppn=8:ntasks=1
Queue:            normal
Account:          default
Nodes:      c02
===================================================
End TASK Epilogue Thu Feb 19 03:42:39 AM EST 2026
===================================================
