===================================================
Begin TASK Prologue Wed Mar  4 09:01:11 PM EST 2026
===================================================
Job ID:           30708
Username:         tuu61186
Group:            icms
Job Name:         g09_array
Resources List:   nodes=1:ppn=8:ntasks=1
Queue:            normal
Account:          default
Nodes:      c13
===================================================
End TASK Prologue Wed Mar  4 09:01:11 PM EST 2026
===================================================
Running Conf4.com
Node: c13
CPUs: 8
Start: Wed Mar  4 09:01:16 PM EST 2026

starting g09 C01 job 'Conf4' from 

submitting job to queue 'normal'
working directory is set to '/home/tuu61186/STEPs/4_mdgx_topology/S03'
sending output to '/home/tuu61186/STEPs/4_mdgx_topology/S03/Conf4.log'
nice is set to 19

job /home/tuu61186/STEPs/4_mdgx_topology/S03/Conf4 finished with exit status 0

cleaning up in /tmp/g09-tuu61186-338625435557e1d58x

removed directory '/tmp/g09-tuu61186-338625435557e1d58x'
End: Wed Mar  4 09:04:06 PM EST 2026
===================================================
Begin TASK Epilogue Wed Mar  4 09:04:06 PM EST 2026
===================================================
Job ID:           30708
Username:         tuu61186
Job Name:         g09_array
Resources List:   nodes=1:ppn=8:ntasks=1
Queue:            normal
Account:          default
Nodes:      c13
===================================================
End TASK Epilogue Wed Mar  4 09:04:06 PM EST 2026
===================================================
